[2016-11-01 01:26:42] local.ERROR: ReflectionException: Class App\Http\Controllers\Api\SobRepository does not exist in /home/vagrant/Code/projects/sobapi/vendor/laravel/framework/src/Illuminate/Container/Container.php:809
Stack trace:
#0 /home/vagrant/Code/projects/sobapi/vendor/laravel/framework/src/Illuminate/Container/Container.php(809): ReflectionParameter->getClass()
#1 /home/vagrant/Code/projects/sobapi/vendor/laravel/framework/src/Illuminate/Container/Container.php(788): Illuminate\Container\Container->getDependencies(Array, Array)
#2 /home/vagrant/Code/projects/sobapi/vendor/laravel/framework/src/Illuminate/Container/Container.php(644): Illuminate\Container\Container->build('App\\Http\\Contro...', Array)
#3 /home/vagrant/Code/projects/sobapi/vendor/laravel/framework/src/Illuminate/Foundation/Application.php(709): Illuminate\Container\Container->make('App\\Http\\Contro...', Array)
#4 /home/vagrant/Code/projects/sobapi/vendor/laravel/framework/src/Illuminate/Routing/Route.php(203): Illuminate\Foundation\Application->make('App\\Http\\Contro...')
#5 /home/vagrant/Code/projects/sobapi/vendor/laravel/framework/src/Illuminate/Routing/Route.php(316): Illuminate\Routing\Route->getController()
#6 /home/vagrant/Code/projects/sobapi/vendor/laravel/framework/src/Illuminate/Routing/Route.php(278): Illuminate\Routing\Route->controllerMiddleware()
#7 /home/vagrant/Code/projects/sobapi/vendor/laravel/framework/src/Illuminate/Routing/Router.php(655): Illuminate\Routing\Route->gatherMiddleware()
#8 /home/vagrant/Code/projects/sobapi/vendor/laravel/framework/src/Illuminate/Routing/Router.php(635): Illuminate\Routing\Router->gatherRouteMiddleware(Object(Illuminate\Routing\Route))
#9 /home/vagrant/Code/projects/sobapi/vendor/laravel/framework/src/Illuminate/Routing/Router.php(618): Illuminate\Routing\Router->runRouteWithinStack(Object(Illuminate\Routing\Route), Object(Illuminate\Http\Request))
#10 /home/vagrant/Code/projects/sobapi/vendor/laravel/framework/src/Illuminate/Routing/Router.php(596): Illuminate\Routing\Router->dispatchToRoute(Object(Illuminate\Http\Request))
#11 /home/vagrant/Code/projects/sobapi/vendor/laravel/framework/src/Illuminate/Foundation/Http/Kernel.php(267): Illuminate\Routing\Router->dispatch(Object(Illuminate\Http\Request))
#12 /home/vagrant/Code/projects/sobapi/vendor/laravel/framework/src/Illuminate/Routing/Pipeline.php(53): Illuminate\Foundation\Http\Kernel->Illuminate\Foundation\Http\{closure}(Object(Illuminate\Http\Request))
#13 /home/vagrant/Code/projects/sobapi/vendor/laravel/framework/src/Illuminate/Foundation/Http/Middleware/CheckForMaintenanceMode.php(46): Illuminate\Routing\Pipeline->Illuminate\Routing\{closure}(Object(Illuminate\Http\Request))
#14 /home/vagrant/Code/projects/sobapi/vendor/laravel/framework/src/Illuminate/Pipeline/Pipeline.php(137): Illuminate\Foundation\Http\Middleware\CheckForMaintenanceMode->handle(Object(Illuminate\Http\Request), Object(Closure))
#15 /home/vagrant/Code/projects/sobapi/vendor/laravel/framework/src/Illuminate/Routing/Pipeline.php(33): Illuminate\Pipeline\Pipeline->Illuminate\Pipeline\{closure}(Object(Illuminate\Http\Request))
#16 /home/vagrant/Code/projects/sobapi/vendor/laravel/framework/src/Illuminate/Pipeline/Pipeline.php(104): Illuminate\Routing\Pipeline->Illuminate\Routing\{closure}(Object(Illuminate\Http\Request))
#17 /home/vagrant/Code/projects/sobapi/vendor/laravel/framework/src/Illuminate/Foundation/Http/Kernel.php(149): Illuminate\Pipeline\Pipeline->then(Object(Closure))
#18 /home/vagrant/Code/projects/sobapi/vendor/laravel/framework/src/Illuminate/Foundation/Http/Kernel.php(116): Illuminate\Foundation\Http\Kernel->sendRequestThroughRouter(Object(Illuminate\Http\Request))
#19 /home/vagrant/Code/projects/sobapi/public/index.php(53): Illuminate\Foundation\Http\Kernel->handle(Object(Illuminate\Http\Request))
#20 {main}  
[2016-11-01 01:26:42] local.ERROR: ReflectionException: Class App\Http\Controllers\Api\SobRepository does not exist in /home/vagrant/Code/projects/sobapi/vendor/laravel/framework/src/Illuminate/Container/Container.php:809
Stack trace:
#0 /home/vagrant/Code/projects/sobapi/vendor/laravel/framework/src/Illuminate/Container/Container.php(809): ReflectionParameter->getClass()
#1 /home/vagrant/Code/projects/sobapi/vendor/laravel/framework/src/Illuminate/Container/Container.php(788): Illuminate\Container\Container->getDependencies(Array, Array)
#2 /home/vagrant/Code/projects/sobapi/vendor/laravel/framework/src/Illuminate/Container/Container.php(644): Illuminate\Container\Container->build('App\\Http\\Contro...', Array)
#3 /home/vagrant/Code/projects/sobapi/vendor/laravel/framework/src/Illuminate/Foundation/Application.php(709): Illuminate\Container\Container->make('App\\Http\\Contro...', Array)
#4 /home/vagrant/Code/projects/sobapi/vendor/laravel/framework/src/Illuminate/Routing/Route.php(203): Illuminate\Foundation\Application->make('App\\Http\\Contro...')
#5 /home/vagrant/Code/projects/sobapi/vendor/laravel/framework/src/Illuminate/Routing/Route.php(316): Illuminate\Routing\Route->getController()
#6 /home/vagrant/Code/projects/sobapi/vendor/laravel/framework/src/Illuminate/Routing/Route.php(278): Illuminate\Routing\Route->controllerMiddleware()
#7 /home/vagrant/Code/projects/sobapi/vendor/laravel/framework/src/Illuminate/Routing/Router.php(655): Illuminate\Routing\Route->gatherMiddleware()
#8 /home/vagrant/Code/projects/sobapi/vendor/laravel/framework/src/Illuminate/Foundation/Http/Kernel.php(192): Illuminate\Routing\Router->gatherRouteMiddleware(Object(Illuminate\Routing\Route))
#9 /home/vagrant/Code/projects/sobapi/vendor/laravel/framework/src/Illuminate/Foundation/Http/Kernel.php(162): Illuminate\Foundation\Http\Kernel->gatherRouteMiddleware(Object(Illuminate\Http\Request))
#10 /home/vagrant/Code/projects/sobapi/public/index.php(58): Illuminate\Foundation\Http\Kernel->terminate(Object(Illuminate\Http\Request), Object(Illuminate\Http\Response))
#11 {main}  
[2016-11-01 01:29:34] local.ERROR: ReflectionException: Class App\Http\Controllers\Api\SobRepository does not exist in /home/vagrant/Code/projects/sobapi/vendor/laravel/framework/src/Illuminate/Container/Container.php:809
Stack trace:
#0 /home/vagrant/Code/projects/sobapi/vendor/laravel/framework/src/Illuminate/Container/Container.php(809): ReflectionParameter->getClass()
#1 /home/vagrant/Code/projects/sobapi/vendor/laravel/framework/src/Illuminate/Container/Container.php(788): Illuminate\Container\Container->getDependencies(Array, Array)
#2 /home/vagrant/Code/projects/sobapi/vendor/laravel/framework/src/Illuminate/Container/Container.php(644): Illuminate\Container\Container->build('App\\Http\\Contro...', Array)
#3 /home/vagrant/Code/projects/sobapi/vendor/laravel/framework/src/Illuminate/Foundation/Application.php(709): Illuminate\Container\Container->make('App\\Http\\Contro...', Array)
#4 /home/vagrant/Code/projects/sobapi/vendor/laravel/framework/src/Illuminate/Routing/Route.php(203): Illuminate\Foundation\Application->make('App\\Http\\Contro...')
#5 /home/vagrant/Code/projects/sobapi/vendor/laravel/framework/src/Illuminate/Routing/Route.php(316): Illuminate\Routing\Route->getController()
#6 /home/vagrant/Code/projects/sobapi/vendor/laravel/framework/src/Illuminate/Routing/Route.php(278): Illuminate\Routing\Route->controllerMiddleware()
#7 /home/vagrant/Code/projects/sobapi/vendor/laravel/framework/src/Illuminate/Routing/Router.php(655): Illuminate\Routing\Route->gatherMiddleware()
#8 /home/vagrant/Code/projects/sobapi/vendor/laravel/framework/src/Illuminate/Routing/Router.php(635): Illuminate\Routing\Router->gatherRouteMiddleware(Object(Illuminate\Routing\Route))
#9 /home/vagrant/Code/projects/sobapi/vendor/laravel/framework/src/Illuminate/Routing/Router.php(618): Illuminate\Routing\Router->runRouteWithinStack(Object(Illuminate\Routing\Route), Object(Illuminate\Http\Request))
#10 /home/vagrant/Code/projects/sobapi/vendor/laravel/framework/src/Illuminate/Routing/Router.php(596): Illuminate\Routing\Router->dispatchToRoute(Object(Illuminate\Http\Request))
#11 /home/vagrant/Code/projects/sobapi/vendor/laravel/framework/src/Illuminate/Foundation/Http/Kernel.php(267): Illuminate\Routing\Router->dispatch(Object(Illuminate\Http\Request))
#12 /home/vagrant/Code/projects/sobapi/vendor/laravel/framework/src/Illuminate/Routing/Pipeline.php(53): Illuminate\Foundation\Http\Kernel->Illuminate\Foundation\Http\{closure}(Object(Illuminate\Http\Request))
#13 /home/vagrant/Code/projects/sobapi/vendor/laravel/framework/src/Illuminate/Foundation/Http/Middleware/CheckForMaintenanceMode.php(46): Illuminate\Routing\Pipeline->Illuminate\Routing\{closure}(Object(Illuminate\Http\Request))
#14 /home/vagrant/Code/projects/sobapi/vendor/laravel/framework/src/Illuminate/Pipeline/Pipeline.php(137): Illuminate\Foundation\Http\Middleware\CheckForMaintenanceMode->handle(Object(Illuminate\Http\Request), Object(Closure))
#15 /home/vagrant/Code/projects/sobapi/vendor/laravel/framework/src/Illuminate/Routing/Pipeline.php(33): Illuminate\Pipeline\Pipeline->Illuminate\Pipeline\{closure}(Object(Illuminate\Http\Request))
#16 /home/vagrant/Code/projects/sobapi/vendor/laravel/framework/src/Illuminate/Pipeline/Pipeline.php(104): Illuminate\Routing\Pipeline->Illuminate\Routing\{closure}(Object(Illuminate\Http\Request))
#17 /home/vagrant/Code/projects/sobapi/vendor/laravel/framework/src/Illuminate/Foundation/Http/Kernel.php(149): Illuminate\Pipeline\Pipeline->then(Object(Closure))
#18 /home/vagrant/Code/projects/sobapi/vendor/laravel/framework/src/Illuminate/Foundation/Http/Kernel.php(116): Illuminate\Foundation\Http\Kernel->sendRequestThroughRouter(Object(Illuminate\Http\Request))
#19 /home/vagrant/Code/projects/sobapi/public/index.php(53): Illuminate\Foundation\Http\Kernel->handle(Object(Illuminate\Http\Request))
#20 {main}  
[2016-11-01 01:29:34] local.ERROR: ReflectionException: Class App\Http\Controllers\Api\SobRepository does not exist in /home/vagrant/Code/projects/sobapi/vendor/laravel/framework/src/Illuminate/Container/Container.php:809
Stack trace:
#0 /home/vagrant/Code/projects/sobapi/vendor/laravel/framework/src/Illuminate/Container/Container.php(809): ReflectionParameter->getClass()
#1 /home/vagrant/Code/projects/sobapi/vendor/laravel/framework/src/Illuminate/Container/Container.php(788): Illuminate\Container\Container->getDependencies(Array, Array)
#2 /home/vagrant/Code/projects/sobapi/vendor/laravel/framework/src/Illuminate/Container/Container.php(644): Illuminate\Container\Container->build('App\\Http\\Contro...', Array)
#3 /home/vagrant/Code/projects/sobapi/vendor/laravel/framework/src/Illuminate/Foundation/Application.php(709): Illuminate\Container\Container->make('App\\Http\\Contro...', Array)
#4 /home/vagrant/Code/projects/sobapi/vendor/laravel/framework/src/Illuminate/Routing/Route.php(203): Illuminate\Foundation\Application->make('App\\Http\\Contro...')
#5 /home/vagrant/Code/projects/sobapi/vendor/laravel/framework/src/Illuminate/Routing/Route.php(316): Illuminate\Routing\Route->getController()
#6 /home/vagrant/Code/projects/sobapi/vendor/laravel/framework/src/Illuminate/Routing/Route.php(278): Illuminate\Routing\Route->controllerMiddleware()
#7 /home/vagrant/Code/projects/sobapi/vendor/laravel/framework/src/Illuminate/Routing/Router.php(655): Illuminate\Routing\Route->gatherMiddleware()
#8 /home/vagrant/Code/projects/sobapi/vendor/laravel/framework/src/Illuminate/Foundation/Http/Kernel.php(192): Illuminate\Routing\Router->gatherRouteMiddleware(Object(Illuminate\Routing\Route))
#9 /home/vagrant/Code/projects/sobapi/vendor/laravel/framework/src/Illuminate/Foundation/Http/Kernel.php(162): Illuminate\Foundation\Http\Kernel->gatherRouteMiddleware(Object(Illuminate\Http\Request))
#10 /home/vagrant/Code/projects/sobapi/public/index.php(58): Illuminate\Foundation\Http\Kernel->terminate(Object(Illuminate\Http\Request), Object(Illuminate\Http\Response))
#11 {main}  
